<?xml version="1.0" encoding="UTF-8"?>
<!-- Generated by org.testng.reporters.JUnitReportReporter -->
<testsuite hostname="Anush" failures="0" tests="1" name="Testcases.HeaderLink" time="27.059" errors="0" timestamp="18 May 2020 12:21:05 GMT" skipped="0">
  <testcase classname="Testcases.HeaderLink" name="Header" time="27.059"/>
</testsuite> <!-- Testcases.HeaderLink -->
