<?xml version="1.0" encoding="UTF-8"?>
<!-- Generated by org.testng.reporters.JUnitReportReporter -->
<testsuite hostname="Anush" failures="0" tests="1" name="org.test.Base" time="0.022" errors="0" timestamp="15 May 2020 06:26:31 GMT" skipped="0">
  <testcase classname="org.test.Base" name="launchBrowser" time="0.022"/>
</testsuite> <!-- org.test.Base -->
