<?xml version="1.0" encoding="UTF-8"?>
<!-- Generated by org.testng.reporters.JUnitReportReporter -->
<testsuite hostname="Anush" failures="0" tests="1" name="Objects.Flight_Status" time="77.255" errors="0" timestamp="18 May 2020 12:21:05 GMT" skipped="0">
  <testcase classname="Objects.Flight_Status" name="flightStatus" time="77.255"/>
</testsuite> <!-- Objects.Flight_Status -->
